<?xml version="1.0" encoding="UTF-8"?>
<!-- Generated by org.testng.reporters.JUnitReportReporter -->
<testsuite hostname="LNL-5CG2352LBN" failures="0" tests="3" name="in.reqes.qa.apitestcases.HTTPRequest" time="2.904" errors="0" timestamp="2024-07-03T17:28:48 CEST" skipped="0">
  <testcase classname="in.reqes.qa.apitestcases.HTTPRequest" name="createUser" time="2.495"/>
  <system-out/>
  <testcase classname="in.reqes.qa.apitestcases.HTTPRequest" name="getUser" time="0.193"/>
  <system-out/>
  <testcase classname="in.reqes.qa.apitestcases.HTTPRequest" name="UpdateUser" time="0.216"/>
  <system-out/>
</testsuite> <!-- in.reqes.qa.apitestcases.HTTPRequest -->
