<?xml version="1.0" encoding="UTF-8"?>
<!-- Generated by org.testng.reporters.JUnitReportReporter -->
<testsuite hostname="LNL-5CG2352LBN" failures="0" tests="3" name="in.reqes.qa.apitestcases.HTTPRequestPostPut" time="2.914" errors="0" timestamp="2024-07-03T18:42:27 CEST" skipped="0">
  <testcase classname="in.reqes.qa.apitestcases.HTTPRequestPostPut" name="createUser" time="2.309"/>
  <system-out/>
  <testcase classname="in.reqes.qa.apitestcases.HTTPRequestPostPut" name="getUser" time="0.234"/>
  <system-out/>
  <testcase classname="in.reqes.qa.apitestcases.HTTPRequestPostPut" name="UpdateUser" time="0.371"/>
  <system-out/>
</testsuite> <!-- in.reqes.qa.apitestcases.HTTPRequestPostPut -->
